{"level":"info","message":"Petición GET a /api/restaurants recibida.","timestamp":"2024-11-21T18:35:13.249Z"}
{"level":"error","message":"Error al consultar restaurantes: Simulated error","timestamp":"2024-11-21T18:35:13.251Z"}
{"level":"info","message":"Petición GET a /api/restaurants/1 recibida.","timestamp":"2024-11-21T18:35:13.311Z"}
{"level":"info","message":"Consulta a la información del restaurante realizada correctamente.","timestamp":"2024-11-21T18:35:13.312Z"}
{"level":"info","message":"Petición GET a /api/restaurants/999 recibida.","timestamp":"2024-11-21T18:35:13.314Z"}
{"level":"error","message":"Error al buscar el restaurante","timestamp":"2024-11-21T18:35:13.314Z"}
{"level":"info","message":"Petición GET a /api/restaurants/1 recibida.","timestamp":"2024-11-21T18:35:13.317Z"}
{"level":"error","message":"Error al consultar la información del restaurante: Simulated error","timestamp":"2024-11-21T18:35:13.318Z"}
{"level":"info","message":"Petición GET a /api/restaurants/1/reviews recibida.","timestamp":"2024-11-21T18:35:13.321Z"}
{"level":"info","message":"Consulta a las valoraciones del restaurante realizada correctamente.","timestamp":"2024-11-21T18:35:13.321Z"}
{"level":"info","message":"Petición GET a /api/restaurants/1/reviews recibida.","timestamp":"2024-11-21T18:35:13.325Z"}
{"level":"error","message":"Error al consultar las valoraciones del restaurante: Simulated error","timestamp":"2024-11-21T18:35:13.325Z"}
{"level":"info","message":"Petición POST a /api/restaurants/1/reviews recibida.","timestamp":"2024-11-21T18:35:13.523Z"}
{"level":"info","message":"Inserción de la valoración del restaurante realizada correctamente.","timestamp":"2024-11-21T18:35:13.523Z"}
{"level":"info","message":"Petición POST a /api/restaurants/1/reviews recibida.","timestamp":"2024-11-21T18:35:13.530Z"}
{"level":"error","message":"Error al añadir valoración del restaurante por falta de datos.","timestamp":"2024-11-21T18:35:13.530Z"}
{"level":"info","message":"Petición POST a /api/restaurants/1/reviews recibida.","timestamp":"2024-11-21T18:35:13.534Z"}
{"level":"error","message":"Error al añadir valoración del restaurante: Simulated error","timestamp":"2024-11-21T18:35:13.534Z"}
{"level":"info","message":"Petición POST a /api/restaurants/1/reviews recibida.","timestamp":"2024-11-21T18:35:13.537Z"}
{"level":"error","message":"Error al actualizar la calificación del restaurante: Simulated update error","timestamp":"2024-11-21T18:35:13.538Z"}
{"level":"info","message":"Petición DELETE a /api/reviews/1 recibida.","timestamp":"2024-11-21T18:35:13.540Z"}
{"level":"info","message":"Eliminación de la valoración del restaurante realizada correctamente.","timestamp":"2024-11-21T18:35:13.540Z"}
{"level":"info","message":"Petición DELETE a /api/reviews/999 recibida.","timestamp":"2024-11-21T18:35:13.543Z"}
{"level":"error","message":"Error al buscar valoración del restaurante.","timestamp":"2024-11-21T18:35:13.543Z"}
{"level":"info","message":"Petición DELETE a /api/reviews/1 recibida.","timestamp":"2024-11-21T18:35:13.547Z"}
{"level":"error","message":"Error al eliminar valoración del restaurante: Simulated error","timestamp":"2024-11-21T18:35:13.547Z"}
{"level":"info","message":"Petición DELETE a /api/reviews/1 recibida.","timestamp":"2024-11-21T18:35:13.550Z"}
{"level":"error","message":"Error al actualizar la calificación del restaurante: Simulated update error","timestamp":"2024-11-21T18:35:13.551Z"}
{"level":"info","message":"Petición GET a /api/users recibida.","timestamp":"2024-11-21T18:35:13.553Z"}
{"level":"error","message":"Error al consultar los usuarios: Simulated error","timestamp":"2024-11-21T18:35:13.553Z"}
{"level":"info","message":"Petición POST a /api/login recibida.","timestamp":"2024-11-21T18:35:13.556Z"}
{"level":"error","message":"Inicio de sesión incorrecto.","timestamp":"2024-11-21T18:35:13.608Z"}
{"level":"info","message":"Petición POST a /api/login recibida.","timestamp":"2024-11-21T18:35:13.657Z"}
{"level":"error","message":"Inicio de sesión incorrecto.","timestamp":"2024-11-21T18:35:13.657Z"}
{"level":"info","message":"Petición POST a /api/login recibida.","timestamp":"2024-11-21T18:35:13.660Z"}
{"level":"error","message":"Error al buscar usuario: Simulated error","timestamp":"2024-11-21T18:35:13.660Z"}
{"level":"info","message":"Petición POST a /api/register recibida.","timestamp":"2024-11-21T18:35:13.663Z"}
{"level":"info","message":"Registro de usuario realizado correctamente.","timestamp":"2024-11-21T18:35:13.721Z"}
{"level":"info","message":"Petición POST a /api/register recibida.","timestamp":"2024-11-21T18:35:13.724Z"}
{"level":"error","message":"Error al registrar usuario por falta de datos.","timestamp":"2024-11-21T18:35:13.724Z"}
{"level":"info","message":"Petición POST a /api/register recibida.","timestamp":"2024-11-21T18:35:13.726Z"}
{"level":"error","message":"Error al registrar usuario por correo ya registrado.","timestamp":"2024-11-21T18:35:13.726Z"}
{"level":"info","message":"Petición POST a /api/register recibida.","timestamp":"2024-11-21T18:35:13.728Z"}
{"level":"error","message":"Error al buscar usuario: Simulated error","timestamp":"2024-11-21T18:35:13.729Z"}
